[debug] [2023-01-09T14:31:25.093Z] ----------------------------------------------------------------------
[debug] [2023-01-09T14:31:25.096Z] Command:       C:\Program Files\nodejs\node.exe C:\Users\zakja\AppData\Roaming\npm\node_modules\firebase-tools\lib\bin\firebase.js init
[debug] [2023-01-09T14:31:25.097Z] CLI Version:   11.20.0
[debug] [2023-01-09T14:31:25.097Z] Platform:      win32
[debug] [2023-01-09T14:31:25.097Z] Node Version:  v18.12.0
[debug] [2023-01-09T14:31:25.099Z] Time:          Mon Jan 09 2023 16:31:25 GMT+0200 (Eastern European Standard Time)
[debug] [2023-01-09T14:31:25.099Z] ----------------------------------------------------------------------
[debug] 
[debug] [2023-01-09T14:31:25.104Z] >>> [apiv2][query] GET https://firebase-public.firebaseio.com/cli.json [none]
[debug] [2023-01-09T14:31:25.171Z] > command requires scopes: ["email","openid","https://www.googleapis.com/auth/cloudplatformprojects.readonly","https://www.googleapis.com/auth/firebase","https://www.googleapis.com/auth/cloud-platform"]
[debug] [2023-01-09T14:31:25.171Z] > authorizing via signed-in user (zakjanzi97@gmail.com)
[info] 
     ######## #### ########  ######## ########     ###     ######  ########
     ##        ##  ##     ## ##       ##     ##  ##   ##  ##       ##
     ######    ##  ########  ######   ########  #########  ######  ######
     ##        ##  ##    ##  ##       ##     ## ##     ##       ## ##
     ##       #### ##     ## ######## ########  ##     ##  ######  ########

You're about to initialize a Firebase project in this directory:

  D:\dev\nextfire-app

[debug] [2023-01-09T14:31:25.646Z] <<< [apiv2][status] GET https://firebase-public.firebaseio.com/cli.json 200
[debug] [2023-01-09T14:31:25.647Z] <<< [apiv2][body] GET https://firebase-public.firebaseio.com/cli.json {"cloudBuildErrorAfter":1594252800000,"cloudBuildWarnAfter":1590019200000,"defaultNode10After":1594252800000,"minVersion":"3.0.5","node8DeploysDisabledAfter":1613390400000,"node8RuntimeDisabledAfter":1615809600000,"node8WarnAfter":1600128000000}
